app/build/outputs/mapping/release/seeds.txt
com.example.anomess.network.TorManager$restartTor$1
com.example.anomess.ui.PortraitCaptureActivity
com.example.anomess.data.ContactDao_Impl$1
com.example.anomess.network.BinaryProtocol
com.example.anomess.data.MessageDao_Impl
com.example.anomess.data.Message
com.example.anomess.data.MessageDao_Impl$11
com.example.anomess.data.Contact
com.example.anomess.data.MessageDao
com.example.anomess.data.MessageDao_Impl$3
com.example.anomess.network.P2PConnectionManager$startListening$1
com.example.anomess.data.MessageDao_Impl$1
com.example.anomess.data.ContactDao
com.example.anomess.data.ContactDao_Impl$3
com.example.anomess.data.MessageDao_Impl$2
com.example.anomess.data.ContactDao_Impl$6
com.example.anomess.data.ContactDao_Impl$7
com.example.anomess.network.TorManager$startTor$2
com.example.anomess.network.P2PConnectionManager$handleIncomingConnection$1
com.example.anomess.data.MessageDao_Impl$13
com.example.anomess.data.ContactDao_Impl$10
com.example.anomess.data.ContactDao_Impl$5
com.example.anomess.network.BinaryProtocol$read$mapType$1
com.example.anomess.data.MessageDao_Impl$10
com.example.anomess.network.P2PConnectionManager$processIncomingMessage$1
com.example.anomess.data.AppDatabase$Companion
com.example.anomess.service.TorService
com.example.anomess.data.ContactDao_Impl
com.example.anomess.data.AppDatabase_Impl$1
com.example.anomess.network.P2PConnectionManager
com.example.anomess.data.MessageDao_Impl$8
com.example.anomess.network.P2PConnectionManager$verifyMessage$1
com.example.anomess.data.ContactDao_Impl$4
com.example.anomess.network.P2PConnectionManager$sendMessagePayload$2
com.example.anomess.data.MessageRepository
com.example.anomess.data.MessageDao_Impl$5
com.example.anomess.data.ContactDao_Impl$9
com.example.anomess.data.MessageDao_Impl$4
com.example.anomess.data.ContactDao_Impl$8
com.example.anomess.network.TorManager$startTor$1
com.example.anomess.network.TorManager$Companion
com.example.anomess.data.MessageDao_Impl$17
com.example.anomess.data.MessageDao_Impl$6
com.example.anomess.data.MessageDao_Impl$16
com.example.anomess.network.TorManager
com.example.anomess.data.AppDatabase
com.example.anomess.data.MessageDao_Impl$15
com.example.anomess.network.MessagePayload
com.example.anomess.AnomessApp
com.example.anomess.BuildConfig
com.example.anomess.data.ContactDao_Impl$2
com.example.anomess.data.MessageDao_Impl$7
com.example.anomess.data.MessageDao_Impl$14
com.example.anomess.data.Message$Companion
com.example.anomess.data.MessageDao_Impl$9
com.example.anomess.network.P2PConnectionManager$Companion
com.example.anomess.data.MessageRepository$getContactName$1
com.example.anomess.data.MessageDao_Impl$12
com.example.anomess.MainActivity
com.example.anomess.data.MessageRepository$sendMessage$2
com.example.anomess.data.AppDatabase_Impl
com.example.anomess.data.MessageRepository$sendMessage$2: int label
com.example.anomess.network.P2PConnectionManager$verifyMessage$1: java.lang.Object L$1
com.example.anomess.network.TorManager$restartTor$1: boolean Z$0
com.example.anomess.data.MessageDao_Impl: androidx.room.SharedSQLiteStatement __preparedStmtOfClearConversation
com.example.anomess.data.MessageDao_Impl$14: com.example.anomess.data.MessageDao_Impl this$0
com.example.anomess.data.AppDatabase: com.example.anomess.data.AppDatabase INSTANCE
com.example.anomess.network.TorManager$restartTor$1: java.lang.Object result
com.example.anomess.data.MessageDao_Impl$16: com.example.anomess.data.MessageDao_Impl this$0
com.example.anomess.network.TorManager: boolean isRestarting
com.example.anomess.network.MessagePayload: byte[] data
com.example.anomess.network.P2PConnectionManager$handleIncomingConnection$1: java.lang.Object L$0
com.example.anomess.data.ContactDao_Impl: androidx.room.SharedSQLiteStatement __preparedStmtOfUpdateContactName
com.example.anomess.data.ContactDao_Impl$6: com.example.anomess.data.Contact val$contact
com.example.anomess.data.ContactDao_Impl$3: com.example.anomess.data.ContactDao_Impl this$0
...
com.google.crypto.tink.proto.HashType: int SHA1_VALUE
com.google.crypto.tink.shaded.protobuf.EnumValue: com.google.crypto.tink.shaded.protobuf.EnumValue DEFAULT_INSTANCE
com.google.crypto.tink.prf.PrfConfig: java.lang.String PRF_TYPE_URL
androidx.security.crypto.MasterKey: int DEFAULT_AUTHENTICATION_VALIDITY_DURATION_SECONDS
com.google.crypto.tink.prf.HmacPrfKey: com.google.crypto.tink.prf.HmacPrfParameters parameters
com.google.crypto.tink.prf.HmacPrfParameters$HashType: com.google.crypto.tink.prf.HmacPrfParameters$HashType SHA224
com.google.crypto.tink.daead.AesSivProtoSerialization: com.google.crypto.tink.util.Bytes TYPE_URL_BYTES
com.google.crypto.tink.signature.EcdsaProtoSerialization: com.google.crypto.tink.internal.ParametersSerializer PARAMETERS_SERIALIZER
com.google.crypto.tink.proto.RsaSsaPssPrivateKey: int DQ_FIELD_NUMBER
com.google.gson.internal.bind.TypeAdapters: com.google.gson.TypeAdapter LONG
com.google.crypto.tink.prf.AesCmacPrfProtoSerialization: com.google.crypto.tink.internal.KeySerializer KEY_SERIALIZER
com.google.crypto.tink.aead.AesGcmSivProtoSerialization: com.google.crypto.tink.internal.ParametersParser PARAMETERS_PARSER
androidx.security.crypto.EncryptedSharedPreferences: java.util.concurrent.CopyOnWriteArrayList mListeners
com.google.crypto.tink.subtle.Base64$Encoder: byte[] tail
com.google.crypto.tink.jwt.JwtEcdsaProtoSerialization: com.google.crypto.tink.internal.KeySerializer PUBLIC_KEY_SERIALIZER
com.google.crypto.tink.proto.Ed25519KeyFormat$1: int[] $SwitchMap$com$google$protobuf$GeneratedMessageLite$MethodToInvoke
com.google.crypto.tink.signature.RsaSsaPkcs1PublicKey$Builder: java.lang.Integer idRequirement
com.google.crypto.tink.shaded.protobuf.LazyStringArrayList: com.google.crypto.tink.shaded.protobuf.LazyStringArrayList EMPTY_LIST
com.google.crypto.tink.shaded.protobuf.UnmodifiableLazyStringList$2: com.google.crypto.tink.shaded.protobuf.UnmodifiableLazyStringList this$0
com.google.crypto.tink.subtle.AesGcmHkdfStreaming: int keySizeInBytes
com.google.crypto.tink.proto.AesCtrHmacAeadKeyFormat: com.google.crypto.tink.proto.AesCtrHmacAeadKeyFormat DEFAULT_INSTANCE
com.google.crypto.tink.prf.HkdfPrfParameters: com.google.crypto.tink.util.Bytes salt
com.google.crypto.tink.proto.AesCmacKey$1: int[] $SwitchMap$com$google$protobuf$GeneratedMessageLite$MethodToInvoke
com.google.crypto.tink.internal.MutableKeyDerivationRegistry: com.google.crypto.tink.internal.MutableKeyDerivationRegistry globalInstance
com.google.crypto.tink.shaded.protobuf.FieldSet: int DEFAULT_FIELD_MAP_ARRAY_SIZE
net.sqlcipher.database.SQLiteOpenHelper: android.content.Context mContext
net.sqlcipher.database.SQLiteCursor: int NO_COUNT
com.google.crypto.tink.shaded.protobuf.UnsafeUtil: boolean IS_ANDROID_64
com.google.gson.internal.bind.TypeAdapters: com.google.gson.TypeAdapter CLASS
com.google.gson.Gson: java.lang.String JSON_NON_EXECUTABLE_PREFIX
com.google.crypto.tink.proto.EciesAeadHkdfPublicKey: com.google.crypto.tink.shaded.protobuf.Parser PARSER
com.google.crypto.tink.hybrid.EciesProtoSerialization: com.google.crypto.tink.internal.KeyParser PRIVATE_KEY_PARSER
com.google.crypto.tink.shaded.protobuf.UnsafeUtil: long INT_ARRAY_BASE_OFFSET
net.sqlcipher.database.SQLiteCompiledSql: boolean mInUse
com.google.crypto.tink.prf.HkdfPrfParameters$HashType: com.google.crypto.tink.prf.HkdfPrfParameters$HashType SHA384
net.sqlcipher.database.SQLiteDebug: boolean DEBUG_SQL_STATEMENTS
com.google.crypto.tink.shaded.protobuf.Field$Kind: com.google.crypto.tink.shaded.protobuf.Internal$EnumLiteMap internalValueMap
com.google.crypto.tink.streamingaead.AesGcmHkdfStreamingKey: com.google.crypto.tink.streamingaead.AesGcmHkdfStreamingParameters parameters
net.freehaven.tor.control.TorControlCommands: short EVENT_ADDRMAP_INDEX
com.google.gson.internal.bind.TreeTypeAdapter$SingleTypeFactory: com.google.gson.JsonDeserializer deserializer