app/build/outputs/mapping/release/usage.txt
com.example.anomess.R$drawable
com.example.anomess.R$mipmap:
    public static int ic_launcher_round
    private void <init>()
com.example.anomess.R$style
com.example.anomess.R$xml
com.example.anomess.R
com.example.anomess.media.AudioPlayer$play$1
com.example.anomess.media.AudioPlayer:
    public final kotlin.jvm.functions.Function0 getOnCompletion()
    public static synthetic void play$default(com.example.anomess.media.AudioPlayer,java.lang.String,kotlin.jvm.functions.Function0,int,java.lang.Object)
    public final void setOnCompletion(kotlin.jvm.functions.Function0)
com.example.anomess.service.TorService:
    public static final java.lang.String ACTION_START
    public static final java.lang.String ACTION_STOP
    public static final java.lang.String CHANNEL_ID
    public static final int NOTIFICATION_ID
com.example.anomess.ui.ChatViewModel$clearChat$1
com.example.anomess.ui.ChatViewModel$getContactFlow$$inlined$map$1$2$1:
    java.lang.Object L$0
com.example.anomess.ui.ChatViewModel:
    public final void clearChat(java.lang.String)
    public static synthetic void sendMessage$default(com.example.anomess.ui.ChatViewModel,java.lang.String,java.lang.String,java.lang.Integer,java.lang.String,java.lang.Long,java.lang.String,int,java.lang.Object)
    public static synthetic java.io.File stopRecording$default(com.example.anomess.ui.ChatViewModel,java.lang.String,boolean,int,java.lang.Object)
com.example.anomess.ui.PortraitCaptureActivity:
    public static final int $stable
com.example.anomess.ui.theme.ColorKt:
    public static final long getPink40()
    public static final long getPink80()
    public static final long getPurple40()
    public static final long getPurple80()
    public static final long getPurpleGrey40()
    public static final long getPurpleGrey80()
com.example.anomess.MainActivity$onCreate$1$1$1$1$1:
    public final androidx.compose.animation.ContentTransform invoke()
com.example.anomess.MainActivity$onCreate$1$1$1$1$2
com.example.anomess.MainActivity$onCreate$1$1$1$1$3
com.example.anomess.MainActivity$onCreate$1$1$1$1$4
com.example.anomess.MainActivity$onCreate$1$1$1$1
com.example.anomess.MainActivity$onCreate$1$1$1$2$1$1
com.example.anomess.MainActivity$onCreate$1$1$1$2:
    public static void invoke$51()
com.example.anomess.MainActivity$onCreate$1$1
com.example.anomess.MainActivity$onCreate$1
com.example.anomess.MainActivity:
    static void <clinit>()
com.example.anomess.R$mipmap
com.example.anomess.data.Contact:
    static void <clinit>()
com.example.anomess.data.MessageRepository:
    static void <clinit>()
com.example.anomess.media.AudioPlayer:
    public static final int $stable
    public kotlin.jvm.functions.Function0 onCompletion
    static void <clinit>()
    public static void play()
com.example.anomess.media.AudioRecorder:
    public static final int $stable
    static void <clinit>()
    public static android.media.MediaRecorder createRecorder()
    public static void start()
    public static void stop()
com.example.anomess.media.EncryptedFileFetcher$Factory:
    public static final int $stable
    public final android.content.Context context
    static void <clinit>()
    public final coil.fetch.Fetcher create$3()
com.example.anomess.media.EncryptedFileFetcher:
    public static final int $stable
    static void <clinit>()
com.example.anomess.network.MessagePayload:
    static void <clinit>()
com.example.anomess.network.TorManager$$InternalSyntheticLambda$1$bf388524ea3dcd0d3192fed93733451844285d471d4f082572457d9e39b36f66$0
com.example.anomess.security.MediaCrypter:
    public static final int $stable
    static void <clinit>()
com.example.anomess.security.SecurityManager$signer$2
com.example.anomess.security.SecurityManager:
    public static final int $stable
    public final java.lang.String dbKeyName
    static void <clinit>()
    public static java.lang.String getDatabasePassphrase()
    public static com.google.crypto.tink.PublicKeyVerify getVerifierForPeer()
...
androidx.compose.foundation.gestures.DragGestureDetectorKt$HorizontalPointerDirectionConfig$1:
    public final float crossAxisDelta-k-4lQ0M(long)
    public final float mainAxisDelta-k-4lQ0M(long)
androidx.compose.foundation.gestures.DragGestureDetectorKt$VerticalPointerDirectionConfig$1
androidx.compose.foundation.gestures.DragGestureDetectorKt$awaitLongPressOrCancellation$2:
    public final java.lang.Object invoke$4()
androidx.compose.foundation.gestures.DragGestureDetectorKt$detectDragGestures$5:
    public final java.lang.Object invoke$4()
androidx.compose.foundation.gestures.DragGestureDetectorKt$detectDragGesturesAfterLongPress$5$1
androidx.compose.foundation.gestures.DragGestureDetectorKt$detectDragGesturesAfterLongPress$5:
    public final java.lang.Object invoke$4()
androidx.compose.foundation.gestures.DragGestureDetectorKt:
    public static final float defaultTouchSlop
    public static final float mouseSlop
    public static final androidx.compose.foundation.gestures.PointerDirectionConfig getHorizontalPointerDirectionConfig()
    public static final float pointerSlop-E8SPZFQ(androidx.compose.ui.platform.ViewConfiguration,int)
androidx.compose.foundation.gestures.DraggableElement:
    public static androidx.compose.foundation.gestures.DraggableNode create()
    public static void update$9()
androidx.compose.foundation.gestures.DraggableKt$awaitDownAndSlop$postPointerSlop$1:
    public static void invoke$20()
    public final androidx.compose.ui.layout.MeasureResult invoke-0kLqBqw()
    public final void invoke-Uv8p0NA(androidx.compose.ui.input.pointer.PointerInputChange,long)
androidx.compose.foundation.gestures.DraggableKt$awaitDrag$2$$InternalSyntheticThrowCCEIfNotNull$12$d1027746c1f76fa2f024fe35668016fe22d1eb789c8be7cd29e7e59dc3327f85$0
androidx.compose.foundation.gestures.DraggableKt$awaitDrag$2:
    public final synthetic int $r8$classId
    public final void invoke(androidx.compose.ui.input.pointer.PointerInputChange)
    public final void invoke$6()
androidx.compose.foundation.gestures.DraggableKt$draggable$1:
    public int label
    public final java.lang.Object invoke$7()
    public final java.lang.Object invoke-d-4ec7I(androidx.compose.foundation.gestures.PressGestureScopeImpl,long,kotlin.coroutines.Continuation)
    public final kotlin.Unit invoke-d-4ec7I(kotlin.coroutines.Continuation)
androidx.compose.foundation.gestures.DraggableKt$draggable$2
androidx.compose.foundation.gestures.DraggableKt$draggable$3:
    public final java.lang.Boolean invoke(androidx.compose.ui.input.pointer.PointerInputChange)
androidx.compose.foundation.gestures.DraggableKt$draggable$4:
    public static androidx.compose.runtime.MutableState invoke()
    public final java.lang.Boolean invoke$1()
androidx.compose.foundation.gestures.DraggableKt$draggable$5:
    public final java.lang.Object invoke-LuvzFrg()
androidx.compose.foundation.gestures.DraggableKt$onDragOrUp$motionFromChange$1
androidx.compose.foundation.gestures.DraggableKt$onDragOrUp$motionFromChange$2
androidx.compose.foundation.gestures.DraggableKt$rememberDraggableState$1$1
androidx.compose.foundation.gestures.DraggableKt
androidx.compose.foundation.gestures.DraggableNode$_canDrag$1
androidx.compose.foundation.gestures.DraggableNode$_startDragImmediately$1
androidx.compose.foundation.gestures.DraggableNode$pointerInputNode$1$1$1$1:
    public static java.lang.Object invoke$8()
androidx.compose.foundation.gestures.DraggableNode$pointerInputNode$1$1$1:
    public final java.lang.Object invoke(kotlinx.coroutines.CoroutineScope,kotlin.coroutines.Continuation)
androidx.compose.foundation.gestures.DraggableNode$pointerInputNode$1$1$2:
    public int I$0
    public final java.lang.Object invoke$4()
androidx.compose.foundation.gestures.DraggableNode$pointerInputNode$1$1:
    public final java.lang.Object invoke(kotlinx.coroutines.CoroutineScope,kotlin.coroutines.Continuation)